<?xml version="1.0" encoding="UTF-8"?>
<robot generator="Robot 7.0 (Python 3.12.2 on darwin)" generated="2024-02-15T23:01:50.964591" rpa="false" schemaversion="5">
<suite id="s1" name="Book Flight" source="/Users/rioshollu/QA Automation/Sanber53-MobileAuto-Kelompok-16/book_flight.robot">
<test id="s1-t1" name="Book Flight Does Not Select Start &amp; End Date, Checkbox, Price Confirm" line="193">
<kw name="Login Flight Application">
<kw name="Open Application" owner="AppiumLibrary">
<arg>remote_url=${REMOTE_URL}</arg>
<arg>platformName=${PLAT_NAME}</arg>
<arg>platformVersion=${VERSION}</arg>
<arg>deviceName=${DEVICE_NAME}</arg>
<arg>appPackage=com.example.myapplication</arg>
<arg>appActivity=com.example.myapplication.MainActivity</arg>
<doc>Opens a new application to given Appium server.
Capabilities of appium server, Android and iOS,
Please check https://github.com/appium/appium/blob/master/docs/en/writing-running-appium/server-args.md
| *Option*            | *Man.* | *Description*     |
| remote_url          | Yes    | Appium server url |
| alias               | no     | alias             |
| strict_ssl          | No     | allows you to send commands to an invalid certificate host like a self-signed one. |</doc>
<status status="PASS" start="2024-02-15T23:01:51.924441" elapsed="15.324926"/>
</kw>
<kw name="Click Element" owner="AppiumLibrary">
<msg time="2024-02-15T23:02:07.258290" level="INFO">Clicking element '//android.widget.Button[@resource-id="com.example.myapplication:id/login"]'.</msg>
<msg time="2024-02-15T23:02:08.611455" level="INFO">xpath criteria: //android.widget.Button[@resource-id="com.example.myapplication:id/login"]</msg>
<arg>locator=//android.widget.Button[@resource-id="com.example.myapplication:id/login"]</arg>
<doc>Click element identified by `locator`.</doc>
<status status="PASS" start="2024-02-15T23:02:07.251122" elapsed="1.361292"/>
</kw>
<kw name="Wait Until Element Is Visible" owner="AppiumLibrary">
<msg time="2024-02-15T23:02:10.349342" level="INFO">xpath criteria: //android.widget.EditText[@resource-id="com.example.myapplication:id/username"]
xpath criteria: //android.widget.EditText[@resource-id="com.example.myapplication:id/username"]</msg>
<arg>locator=${USERNAME}</arg>
<doc>Waits until element specified with `locator` is visible.</doc>
<status status="PASS" start="2024-02-15T23:02:08.613349" elapsed="1.737420"/>
</kw>
<kw name="Input Text" owner="AppiumLibrary">
<msg time="2024-02-15T23:02:10.361229" level="INFO">Typing text 'support@ngendigital.com' into text field '//android.widget.EditText[@resource-id="com.example.myapplication:id/username"]'</msg>
<msg time="2024-02-15T23:02:10.695514" level="INFO">xpath criteria: //android.widget.EditText[@resource-id="com.example.myapplication:id/username"]</msg>
<arg>locator=${USERNAME}</arg>
<arg>text=support@ngendigital.com</arg>
<doc>Types the given `text` into text field identified by `locator`.</doc>
<status status="PASS" start="2024-02-15T23:02:10.353102" elapsed="0.343366"/>
</kw>
<kw name="Input Text" owner="AppiumLibrary">
<msg time="2024-02-15T23:02:10.706424" level="INFO">Typing text 'abc123' into text field '//android.widget.EditText[@resource-id="com.example.myapplication:id/password"]'</msg>
<msg time="2024-02-15T23:02:11.464571" level="INFO">xpath criteria: //android.widget.EditText[@resource-id="com.example.myapplication:id/password"]</msg>
<arg>locator=//android.widget.EditText[@resource-id="com.example.myapplication:id/password"]</arg>
<arg>text=abc123</arg>
<doc>Types the given `text` into text field identified by `locator`.</doc>
<status status="PASS" start="2024-02-15T23:02:10.697402" elapsed="0.768224"/>
</kw>
<kw name="Click Element" owner="AppiumLibrary">
<msg time="2024-02-15T23:02:11.470742" level="INFO">Clicking element '//android.widget.Button[@resource-id="com.example.myapplication:id/signIn"]'.</msg>
<msg time="2024-02-15T23:02:12.346164" level="INFO">xpath criteria: //android.widget.Button[@resource-id="com.example.myapplication:id/signIn"]</msg>
<arg>locator=//android.widget.Button[@resource-id="com.example.myapplication:id/signIn"]</arg>
<doc>Click element identified by `locator`.</doc>
<status status="PASS" start="2024-02-15T23:02:11.466627" elapsed="0.880445"/>
</kw>
<status status="PASS" start="2024-02-15T23:01:51.922901" elapsed="20.425040"/>
</kw>
<kw name="Click Book Button on Home Page">
<kw name="Wait Until Element Is Visible" owner="AppiumLibrary">
<msg time="2024-02-15T23:02:14.115233" level="INFO">xpath criteria: //android.widget.Button[@resource-id="com.example.myapplication:id/book"]
xpath criteria: //android.widget.Button[@resource-id="com.example.myapplication:id/book"]</msg>
<arg>locator=//android.widget.Button[@resource-id="com.example.myapplication:id/book"]</arg>
<doc>Waits until element specified with `locator` is visible.</doc>
<status status="PASS" start="2024-02-15T23:02:12.351448" elapsed="1.764644"/>
</kw>
<kw name="Click Element" owner="AppiumLibrary">
<msg time="2024-02-15T23:02:14.122681" level="INFO">Clicking element '//android.widget.Button[@resource-id="com.example.myapplication:id/book"]'.</msg>
<msg time="2024-02-15T23:02:14.507171" level="INFO">xpath criteria: //android.widget.Button[@resource-id="com.example.myapplication:id/book"]</msg>
<arg>locator=//android.widget.Button[@resource-id="com.example.myapplication:id/book"]</arg>
<doc>Click element identified by `locator`.</doc>
<status status="PASS" start="2024-02-15T23:02:14.117085" elapsed="0.390896"/>
</kw>
<status status="PASS" start="2024-02-15T23:02:12.349645" elapsed="2.159160"/>
</kw>
<kw name="Click Book Button">
<kw name="Wait Until Element Is Visible" owner="AppiumLibrary">
<msg time="2024-02-15T23:02:19.301264" level="INFO">xpath criteria: //android.widget.Button[@resource-id="com.example.myapplication:id/book_flight"]
xpath criteria: //android.widget.Button[@resource-id="com.example.myapplication:id/book_flight"]</msg>
<arg>locator=//android.widget.Button[@resource-id="com.example.myapplication:id/book_flight"]</arg>
<doc>Waits until element specified with `locator` is visible.</doc>
<status status="PASS" start="2024-02-15T23:02:14.511926" elapsed="4.790710"/>
</kw>
<kw name="Click Element" owner="AppiumLibrary">
<msg time="2024-02-15T23:02:19.308624" level="INFO">Clicking element '//android.widget.Button[@resource-id="com.example.myapplication:id/book_flight"]'.</msg>
<msg time="2024-02-15T23:02:21.073239" level="INFO">xpath criteria: //android.widget.Button[@resource-id="com.example.myapplication:id/book_flight"]</msg>
<arg>locator=//android.widget.Button[@resource-id="com.example.myapplication:id/book_flight"]</arg>
<doc>Click element identified by `locator`.</doc>
<status status="PASS" start="2024-02-15T23:02:19.303508" elapsed="1.770995"/>
</kw>
<status status="PASS" start="2024-02-15T23:02:14.510426" elapsed="6.564857"/>
</kw>
<kw name="Click Confirm Button on Page Confirm Price">
<kw name="Wait Until Element Is Visible" owner="AppiumLibrary">
<msg time="2024-02-15T23:02:24.288704" level="INFO">xpath criteria: //android.widget.Button[@resource-id="com.example.myapplication:id/confirm_order"]
xpath criteria: //android.widget.Button[@resource-id="com.example.myapplication:id/confirm_order"]</msg>
<arg>locator=//android.widget.Button[@resource-id="com.example.myapplication:id/confirm_order"]</arg>
<doc>Waits until element specified with `locator` is visible.</doc>
<status status="PASS" start="2024-02-15T23:02:21.078322" elapsed="3.211996"/>
</kw>
<kw name="Click Element" owner="AppiumLibrary">
<msg time="2024-02-15T23:02:24.297706" level="INFO">Clicking element '//android.widget.Button[@resource-id="com.example.myapplication:id/confirm_order"]'.</msg>
<msg time="2024-02-15T23:02:24.689983" level="INFO">xpath criteria: //android.widget.Button[@resource-id="com.example.myapplication:id/confirm_order"]</msg>
<arg>locator=//android.widget.Button[@resource-id="com.example.myapplication:id/confirm_order"]</arg>
<doc>Click element identified by `locator`.</doc>
<status status="PASS" start="2024-02-15T23:02:24.291563" elapsed="0.399335"/>
</kw>
<status status="PASS" start="2024-02-15T23:02:21.076841" elapsed="3.614910"/>
</kw>
<kw name="Verification Flight is Booked">
<kw name="Wait Until Page Contains" owner="AppiumLibrary">
<arg>text=Your flight is booked. Reservation number</arg>
<doc>Waits until `text` appears on current page.</doc>
<status status="PASS" start="2024-02-15T23:02:24.701955" elapsed="1.529359"/>
</kw>
<status status="PASS" start="2024-02-15T23:02:24.694690" elapsed="1.537609"/>
</kw>
<kw name="Close Flight Application">
<kw name="Close Application" owner="AppiumLibrary">
<doc>Closes the current application and also close webdriver session.</doc>
<status status="PASS" start="2024-02-15T23:02:26.235923" elapsed="2.093025"/>
</kw>
<status status="PASS" start="2024-02-15T23:02:26.233859" elapsed="2.096046"/>
</kw>
<status status="PASS" start="2024-02-15T23:01:51.921273" elapsed="36.410591"/>
</test>
<status status="PASS" start="2024-02-15T23:01:50.990383" elapsed="37.345273"/>
</suite>
<statistics>
<total>
<stat pass="1" fail="0" skip="0">All Tests</stat>
</total>
<tag>
</tag>
<suite>
<stat pass="1" fail="0" skip="0" id="s1" name="Book Flight">Book Flight</stat>
</suite>
</statistics>
<errors>
</errors>
</robot>
